social.are
help.are
olc.hlp
sywilm.are
immort.are
ofcol2.are
shire.are
midgaard.are
plains.are
under2.are
thalos.are
dwarven.are
eastern.are
galaxy.are
evilabode.are
hitower.are
limbo.are
mahntor.are
midennir.are
newthalos.are
ofcol.are
school.are
ciquala2.are
valley.are
wyvern.are
arkham.are
aswamp.are
legion.are
forest.are
dying.are
skills.are
carnival.are
dale.are
mythforest.are
mythruins.are
beholder.are
enclave.are
rakshasa.are
bluetwr.are
greentwr.are
redtwr.are
trolls.are
giant.are
tower.are
emerald.are
tarvalon.are
prison.are
entropy.are
masters.are
shadcave.are
knightcastle.are
ragervillage.are
coliseum.are
naiadia.are
rivenroc.are
cot.are
strmansion3.are
dargaard.are
neraka.are
hell.are
madman.are
celestial2.are
battlefield.are
swamps.are
elementemp.are
empire.are
lich.are
blight.are
darkforest.are
bounty.are
village.are
trainyard.are
naiadsea.are
minamaze.are
ramadahn.are
mausoleum.are
stronghold.are
nightfall.are
snowcaves.are
wild.are
aarid1.are
forisle.are
obsidian.are
sylvan.are
latenbur.are
deepcity.are
skills2.are
esiraen.are
enforc.are
$
